Failing command: pnpm -w typecheck
----------------------------------------

> workspace@0.0.0 typecheck /home/runner/work/ayni.space/ayni.space
> pnpm run typecheck:libs && pnpm -r --filter "./apps/**" --filter "./scripts" --if-present run typecheck


> workspace@0.0.0 typecheck:libs /home/runner/work/ayni.space/ayni.space
> tsc --build

Scope: 4 of 19 workspace projects
apps/admin typecheck$ tsc -p tsconfig.json --noEmit
apps/api-server typecheck$ tsc -p tsconfig.json --noEmit
apps/mockup-sandbox typecheck$ tsc -p tsconfig.json --noEmit
scripts typecheck$ tsc -p tsconfig.json --noEmit
scripts typecheck: Done
apps/api-server typecheck: src/__tests__/session-security.test.ts(29,36): error TS2339: Property 'httpOnly' does not exist on type 'CookieOptions | ((req: Request<ParamsDictionary, any, any, ParsedQs, Record<string, any>>) => CookieOptions)'.
apps/api-server typecheck:   Property 'httpOnly' does not exist on type '(req: Request<ParamsDictionary, any, any, ParsedQs, Record<string, any>>) => CookieOptions'.
apps/api-server typecheck: src/__tests__/session-security.test.ts(30,36): error TS2339: Property 'secure' does not exist on type 'CookieOptions | ((req: Request<ParamsDictionary, any, any, ParsedQs, Record<string, any>>) => CookieOptions)'.
apps/api-server typecheck:   Property 'secure' does not exist on type '(req: Request<ParamsDictionary, any, any, ParsedQs, Record<string, any>>) => CookieOptions'.
apps/api-server typecheck: src/__tests__/session-security.test.ts(31,36): error TS2339: Property 'sameSite' does not exist on type 'CookieOptions | ((req: Request<ParamsDictionary, any, any, ParsedQs, Record<string, any>>) => CookieOptions)'.
apps/api-server typecheck:   Property 'sameSite' does not exist on type '(req: Request<ParamsDictionary, any, any, ParsedQs, Record<string, any>>) => CookieOptions'.
apps/api-server typecheck: src/__tests__/session-security.test.ts(32,36): error TS2339: Property 'maxAge' does not exist on type 'CookieOptions | ((req: Request<ParamsDictionary, any, any, ParsedQs, Record<string, any>>) => CookieOptions)'.
apps/api-server typecheck:   Property 'maxAge' does not exist on type '(req: Request<ParamsDictionary, any, any, ParsedQs, Record<string, any>>) => CookieOptions'.
apps/api-server typecheck: Failed
/home/runner/work/ayni.space/ayni.space/apps/api-server:
 ERR_PNPM_RECURSIVE_RUN_FIRST_FAIL  @workspace/api-server@0.0.0 typecheck: `tsc -p tsconfig.json --noEmit`
Exit status 2
 ELIFECYCLE  Command failed with exit code 2.
----------------------------------------
Exit code: 2
