Failing command: pnpm -w typecheck
----------------------------------------

> workspace@0.0.0 typecheck /home/runner/work/ayni.space/ayni.space
> pnpm run typecheck:libs && pnpm -r --filter "./apps/**" --filter "./scripts" --if-present run typecheck


> workspace@0.0.0 typecheck:libs /home/runner/work/ayni.space/ayni.space
> tsc --build

Scope: 4 of 19 workspace projects
apps/admin typecheck$ tsc -p tsconfig.json --noEmit
apps/api-server typecheck$ tsc -p tsconfig.json --noEmit
apps/mockup-sandbox typecheck$ tsc -p tsconfig.json --noEmit
scripts typecheck$ tsc -p tsconfig.json --noEmit
scripts typecheck: Done
apps/mockup-sandbox typecheck: src/components/ui/calendar.tsx(87,9): error TS2353: Object literal may only specify known properties, and 'table' does not exist in type 'Partial<ClassNames>'.
apps/mockup-sandbox typecheck: Failed
/home/runner/work/ayni.space/ayni.space/apps/mockup-sandbox:
 ERR_PNPM_RECURSIVE_RUN_FIRST_FAIL  @workspace/mockup-sandbox@2.0.0 typecheck: `tsc -p tsconfig.json --noEmit`
Exit status 2
apps/api-server typecheck: Done
 ELIFECYCLE  Command failed with exit code 2.
----------------------------------------
Exit code: 2
